<?xml version="1.0" encoding="UTF-8"?>
<testng-results skipped="0" failed="0" total="1" passed="1">
  <reporter-output>
  </reporter-output>
  <suite name="TestNG" duration-ms="991" started-at="2020-03-04T16:26:41Z" finished-at="2020-03-04T16:26:42Z">
    <groups>
      <group name="cucumber">
        <method signature="AbstractTestNGCucumberTests.feature(cucumber.api.testng.CucumberFeatureWrapper)[pri:0, instance:com.cucumber.runner.TestngRunner@66a3ffec]" name="feature" class="cucumber.api.testng.AbstractTestNGCucumberTests"/>
      </group> <!-- cucumber -->
    </groups>
    <test name="TestCuke" duration-ms="991" started-at="2020-03-04T16:26:41Z" finished-at="2020-03-04T16:26:42Z">
      <class name="com.cucumber.runner.TestngRunner">
        <test-method status="PASS" signature="setUpClass()[pri:0, instance:com.cucumber.runner.TestngRunner@66a3ffec]" name="setUpClass" is-config="true" duration-ms="251" started-at="2020-03-04T21:56:41Z" finished-at="2020-03-04T21:56:41Z">
          <reporter-output>
          </reporter-output>
        </test-method> <!-- setUpClass -->
        <test-method status="PASS" signature="feature(cucumber.api.testng.CucumberFeatureWrapper)[pri:0, instance:com.cucumber.runner.TestngRunner@66a3ffec]" name="feature" duration-ms="276" started-at="2020-03-04T21:56:41Z" description="Runs Cucumber Feature" data-provider="features" finished-at="2020-03-04T21:56:42Z">
          <params>
            <param index="0">
              <value>
                <![CDATA[Title of your feature]]>
              </value>
            </param>
          </params>
          <reporter-output>
          </reporter-output>
        </test-method> <!-- feature -->
        <test-method status="PASS" signature="tearDownClass()[pri:0, instance:com.cucumber.runner.TestngRunner@66a3ffec]" name="tearDownClass" is-config="true" duration-ms="377" started-at="2020-03-04T21:56:42Z" finished-at="2020-03-04T21:56:42Z">
          <reporter-output>
          </reporter-output>
        </test-method> <!-- tearDownClass -->
      </class> <!-- com.cucumber.runner.TestngRunner -->
    </test> <!-- TestCuke -->
  </suite> <!-- TestNG -->
</testng-results>
